<?xml version="1.0" encoding="UTF-8"?>
<testng-results skipped="0" failed="0" ignored="0" total="2" passed="2">
  <reporter-output>
    <line>
      <![CDATA[Test suite execution started Tue Dec 01 21:27:10 IST 2020]]>
    </line>
    <line>
      <![CDATA[invalidLoginTest script execution started Tue Dec 01 21:27:39 IST 2020]]>
    </line>
    <line>
      <![CDATA[Invalid Login successfully verified]]>
    </line>
    <line>
      <![CDATA[invalidLoginTest script passed Tue Dec 01 21:27:44 IST 2020]]>
    </line>
    <line>
      <![CDATA[chrome closed]]>
    </line>
    <line>
      <![CDATA[loginTest script execution started Tue Dec 01 21:27:54 IST 2020]]>
    </line>
    <line>
      <![CDATA[Login successfully verified]]>
    </line>
    <line>
      <![CDATA[loginTest script passed Tue Dec 01 21:27:57 IST 2020]]>
    </line>
    <line>
      <![CDATA[chrome closed]]>
    </line>
  </reporter-output>
  <suite name="Suite" duration-ms="47002" started-at="2020-12-01T21:27:10 IST" finished-at="2020-12-01T21:27:57 IST">
    <groups>
    </groups>
    <test name="Test" duration-ms="47002" started-at="2020-12-01T21:27:10 IST" finished-at="2020-12-01T21:27:57 IST">
      <class name="scripts.LoginTest">
        <test-method status="PASS" signature="preCondition(java.lang.String, java.lang.String)[pri:0, instance:scripts.LoginTest@5649fd9b]" name="preCondition" is-config="true" duration-ms="29482" started-at="2020-12-01T21:27:10 IST" finished-at="2020-12-01T21:27:39 IST">
          <params>
            <param index="0">
              <value>
                <![CDATA[chrome]]>
              </value>
            </param>
            <param index="1">
              <value>
                <![CDATA[http://desktop-q7n8ia6/login.do]]>
              </value>
            </param>
          </params>
          <reporter-output>
          </reporter-output>
        </test-method> <!-- preCondition -->
        <test-method status="PASS" signature="invalidLoginTest()[pri:0, instance:scripts.LoginTest@5649fd9b]" name="invalidLoginTest" duration-ms="4140" started-at="2020-12-01T21:27:39 IST" finished-at="2020-12-01T21:27:44 IST">
          <reporter-output>
            <line>
              <![CDATA[invalidLoginTest script execution started Tue Dec 01 21:27:39 IST 2020]]>
            </line>
            <line>
              <![CDATA[Invalid Login successfully verified]]>
            </line>
            <line>
              <![CDATA[invalidLoginTest script passed Tue Dec 01 21:27:44 IST 2020]]>
            </line>
          </reporter-output>
        </test-method> <!-- invalidLoginTest -->
        <test-method status="PASS" signature="postCondition(java.lang.String)[pri:0, instance:scripts.LoginTest@5649fd9b]" name="postCondition" is-config="true" duration-ms="182" started-at="2020-12-01T21:27:44 IST" finished-at="2020-12-01T21:27:44 IST">
          <params>
            <param index="0">
              <value>
                <![CDATA[chrome]]>
              </value>
            </param>
          </params>
          <reporter-output>
            <line>
              <![CDATA[chrome closed]]>
            </line>
          </reporter-output>
        </test-method> <!-- postCondition -->
        <test-method status="PASS" signature="preCondition(java.lang.String, java.lang.String)[pri:0, instance:scripts.LoginTest@5649fd9b]" name="preCondition" is-config="true" duration-ms="10322" started-at="2020-12-01T21:27:44 IST" finished-at="2020-12-01T21:27:54 IST">
          <params>
            <param index="0">
              <value>
                <![CDATA[chrome]]>
              </value>
            </param>
            <param index="1">
              <value>
                <![CDATA[http://desktop-q7n8ia6/login.do]]>
              </value>
            </param>
          </params>
          <reporter-output>
          </reporter-output>
        </test-method> <!-- preCondition -->
        <test-method status="PASS" signature="loginTest()[pri:0, instance:scripts.LoginTest@5649fd9b]" name="loginTest" duration-ms="2641" started-at="2020-12-01T21:27:54 IST" finished-at="2020-12-01T21:27:57 IST">
          <reporter-output>
            <line>
              <![CDATA[loginTest script execution started Tue Dec 01 21:27:54 IST 2020]]>
            </line>
            <line>
              <![CDATA[Login successfully verified]]>
            </line>
            <line>
              <![CDATA[loginTest script passed Tue Dec 01 21:27:57 IST 2020]]>
            </line>
          </reporter-output>
        </test-method> <!-- loginTest -->
        <test-method status="PASS" signature="postCondition(java.lang.String)[pri:0, instance:scripts.LoginTest@5649fd9b]" name="postCondition" is-config="true" duration-ms="143" started-at="2020-12-01T21:27:57 IST" finished-at="2020-12-01T21:27:57 IST">
          <params>
            <param index="0">
              <value>
                <![CDATA[chrome]]>
              </value>
            </param>
          </params>
          <reporter-output>
            <line>
              <![CDATA[chrome closed]]>
            </line>
          </reporter-output>
        </test-method> <!-- postCondition -->
      </class> <!-- scripts.LoginTest -->
    </test> <!-- Test -->
  </suite> <!-- Suite -->
</testng-results>
